<?xml version="1.0" encoding="UTF-8"?>
<!-- Generated by org.testng.reporters.JUnitXMLReporter -->
<testsuite hostname="DESKTOP-MOASIIL" ignored="0" name="Command line test" tests="18" failures="1" timestamp="2022-05-07T22:14:19 IST" time="98.479" errors="0">
  <testcase name="autoSuggestion" time="2.53" classname="com.RahulShetty.tests.RahulShettySection1Test"/>
  <testcase name="clickChekbox" time="1.261" classname="com.RahulShetty.tests.RahulShettySection1Test"/>
  <testcase name="goTORahulShettySection5" time="3.476" classname="com.RahulShetty.tests.RahulShettySection1Test"/>
  <testcase name="selectDropdown" time="0.497" classname="com.RahulShetty.tests.RahulShettySection1Test"/>
  <testcase name="switchTOAlert" time="0.243" classname="com.RahulShetty.tests.RahulShettySection2Test"/>
  <testcase name="switchTOFrame" time="0.001" classname="com.RahulShetty.tests.RahulShettySection2Test"/>
  <testcase name="switchTOTabs" time="2.391" classname="com.RahulShetty.tests.RahulShettySection2Test"/>
  <testcase name="getCourcesWithGreaterPrice" time="1.765" classname="com.RahulShetty.tests.RahulShettySection3Test"/>
  <testcase name="getCourcesWithMatchingPrice" time="1.311" classname="com.RahulShetty.tests.RahulShettySection3Test"/>
  <testcase name="hideAndShowElement" time="3.335" classname="com.RahulShetty.tests.RahulShettySection3Test"/>
  <testcase name="matchSum" time="3.366" classname="com.RahulShetty.tests.RahulShettySection3Test">
    <failure type="java.lang.AssertionError" message="Sum doesn&amp;apos;t match since Total calculated -&amp;gt;296 and expected is -&amp;gt;2968">
      <![CDATA[java.lang.AssertionError: Sum doesn't match since Total calculated ->296 and expected is ->2968
at com.RahulShetty.pages.componentspage.Section3.getSumAndMatch(Section3.java:89)
at com.RahulShetty.tests.RahulShettySection3Test.matchSum(RahulShettySection3Test.java:49)
at java.util.ArrayList.forEach(ArrayList.java:1259)
... Removed 38 stack frames]]>
    </failure>
  </testcase> <!-- matchSum -->
  <testcase name="GotoMouseHoverReload" time="7.21" classname="com.RahulShetty.tests.RahulShettySection4Test"/>
  <testcase name="GotoMouseHoverTop" time="6.503" classname="com.RahulShetty.tests.RahulShettySection4Test"/>
  <testcase name="workingWithIframes" time="3.383" classname="com.RahulShetty.tests.RahulShettySection5Test"/>
  <testcase name="checkValidLink" time="16.258" classname="com.RahulShetty.tests.RahulShettySection6Test"/>
  <testcase name="getLinkHeads" time="2.326" classname="com.RahulShetty.tests.RahulShettySection6Test"/>
  <testcase name="getLinkheadsAndSublinks" time="0.613" classname="com.RahulShetty.tests.RahulShettySection6Test"/>
  <testcase name="getsublinkCount" time="0.195" classname="com.RahulShetty.tests.RahulShettySection6Test"/>
</testsuite> <!-- Command line test -->
