<?xml version="1.0" encoding="UTF-8" ?>
<testsuite tests="18" failures="1" name="TestSuite" time="56.659" errors="0" skipped="0">
  <properties>
[...]
</properties>
  <testcase classname="com.RahulShetty.tests.RahulShettySection1Test" name="autoSuggestion" time="2.516"/>
  <testcase classname="com.RahulShetty.tests.RahulShettySection1Test" name="clickChekbox" time="1.261"/>
  <testcase classname="com.RahulShetty.tests.RahulShettySection1Test" name="goTORahulShettySection5" time="3.475"/>
  <testcase classname="com.RahulShetty.tests.RahulShettySection1Test" name="selectDropdown" time="0.497"/>
  <testcase classname="com.RahulShetty.tests.RahulShettySection2Test" name="switchTOAlert" time="0.244"/>
  <testcase classname="com.RahulShetty.tests.RahulShettySection2Test" name="switchTOFrame" time="0"/>
  <testcase classname="com.RahulShetty.tests.RahulShettySection2Test" name="switchTOTabs" time="2.393"/>
  <testcase classname="com.RahulShetty.tests.RahulShettySection3Test" name="getCourcesWithGreaterPrice" time="1.764"/>
  <testcase classname="com.RahulShetty.tests.RahulShettySection3Test" name="getCourcesWithMatchingPrice" time="1.311"/>
  <testcase classname="com.RahulShetty.tests.RahulShettySection3Test" name="hideAndShowElement" time="3.335"/>
  <testcase classname="com.RahulShetty.tests.RahulShettySection3Test" name="matchSum" time="3.375">
    <failure message="Sum doesn&apos;t match since Total calculated -&gt;296 and expected is -&gt;2968" type="java.lang.AssertionError">java.lang.AssertionError: Sum doesn&apos;t match since Total calculated -&gt;296 and expected is -&gt;2968
	at org.testng.Assert.fail(Assert.java:110)
	at com.RahulShetty.pages.componentspage.Section3.getSumAndMatch(Section3.java:89)
	at com.RahulShetty.tests.RahulShettySection3Test.matchSum(RahulShettySection3Test.java:49)
</failure>
  </testcase>
  <testcase classname="com.RahulShetty.tests.RahulShettySection4Test" name="GotoMouseHoverReload" time="7.211"/>
  <testcase classname="com.RahulShetty.tests.RahulShettySection4Test" name="GotoMouseHoverTop" time="6.502"/>
  <testcase classname="com.RahulShetty.tests.RahulShettySection5Test" name="workingWithIframes" time="3.383"/>
  <testcase classname="com.RahulShetty.tests.RahulShettySection6Test" name="checkValidLink" time="16.258"/>
  <testcase classname="com.RahulShetty.tests.RahulShettySection6Test" name="getLinkHeads" time="2.325"/>
  <testcase classname="com.RahulShetty.tests.RahulShettySection6Test" name="getLinkheadsAndSublinks" time="0.613"/>
  <testcase classname="com.RahulShetty.tests.RahulShettySection6Test" name="getsublinkCount" time="0.196"/>
</testsuite>