<?xml version="1.0" encoding="UTF-8"?>
<testng-results skipped="0" failed="1" ignored="0" total="18" passed="17">
  <reporter-output>
  </reporter-output>
  <suite name="Command line suite" duration-ms="98479" started-at="2022-05-07T22:12:41 IST" finished-at="2022-05-07T22:14:19 IST">
    <groups>
      <group name="regression">
        <method signature="RahulShettySection1Test.autoSuggestion()[pri:0, instance:com.RahulShetty.tests.RahulShettySection1Test@69a3d1d]" name="autoSuggestion" class="com.RahulShetty.tests.RahulShettySection1Test"/>
        <method signature="RahulShettySection1Test.clickChekbox()[pri:0, instance:com.RahulShetty.tests.RahulShettySection1Test@69a3d1d]" name="clickChekbox" class="com.RahulShetty.tests.RahulShettySection1Test"/>
        <method signature="RahulShettySection1Test.goTORahulShettySection5()[pri:0, instance:com.RahulShetty.tests.RahulShettySection1Test@69a3d1d]" name="goTORahulShettySection5" class="com.RahulShetty.tests.RahulShettySection1Test"/>
        <method signature="RahulShettySection1Test.selectDropdown()[pri:0, instance:com.RahulShetty.tests.RahulShettySection1Test@69a3d1d]" name="selectDropdown" class="com.RahulShetty.tests.RahulShettySection1Test"/>
        <method signature="RahulShettySection2Test.switchTOAlert()[pri:0, instance:com.RahulShetty.tests.RahulShettySection2Test@467aecef]" name="switchTOAlert" class="com.RahulShetty.tests.RahulShettySection2Test"/>
        <method signature="RahulShettySection2Test.switchTOFrame()[pri:0, instance:com.RahulShetty.tests.RahulShettySection2Test@467aecef]" name="switchTOFrame" class="com.RahulShetty.tests.RahulShettySection2Test"/>
        <method signature="RahulShettySection2Test.switchTOTabs()[pri:0, instance:com.RahulShetty.tests.RahulShettySection2Test@467aecef]" name="switchTOTabs" class="com.RahulShetty.tests.RahulShettySection2Test"/>
        <method signature="RahulShettySection3Test.getCourcesWithGreaterPrice()[pri:0, instance:com.RahulShetty.tests.RahulShettySection3Test@4d50efb8]" name="getCourcesWithGreaterPrice" class="com.RahulShetty.tests.RahulShettySection3Test"/>
        <method signature="RahulShettySection3Test.getCourcesWithMatchingPrice()[pri:0, instance:com.RahulShetty.tests.RahulShettySection3Test@4d50efb8]" name="getCourcesWithMatchingPrice" class="com.RahulShetty.tests.RahulShettySection3Test"/>
        <method signature="RahulShettySection3Test.hideAndShowElement()[pri:0, instance:com.RahulShetty.tests.RahulShettySection3Test@4d50efb8]" name="hideAndShowElement" class="com.RahulShetty.tests.RahulShettySection3Test"/>
        <method signature="RahulShettySection4Test.GotoMouseHoverReload()[pri:0, instance:com.RahulShetty.tests.RahulShettySection4Test@7e2d773b]" name="GotoMouseHoverReload" class="com.RahulShetty.tests.RahulShettySection4Test"/>
        <method signature="RahulShettySection4Test.GotoMouseHoverTop()[pri:0, instance:com.RahulShetty.tests.RahulShettySection4Test@7e2d773b]" name="GotoMouseHoverTop" class="com.RahulShetty.tests.RahulShettySection4Test"/>
        <method signature="RahulShettySection5Test.workingWithIframes()[pri:0, instance:com.RahulShetty.tests.RahulShettySection5Test@2173f6d9]" name="workingWithIframes" class="com.RahulShetty.tests.RahulShettySection5Test"/>
        <method signature="RahulShettySection6Test.checkValidLink()[pri:0, instance:com.RahulShetty.tests.RahulShettySection6Test@307f6b8c]" name="checkValidLink" class="com.RahulShetty.tests.RahulShettySection6Test"/>
        <method signature="RahulShettySection6Test.getsublinkCount()[pri:0, instance:com.RahulShetty.tests.RahulShettySection6Test@307f6b8c]" name="getsublinkCount" class="com.RahulShetty.tests.RahulShettySection6Test"/>
      </group> <!-- regression -->
      <group name="smoke">
        <method signature="RahulShettySection1Test.selectDropdown()[pri:0, instance:com.RahulShetty.tests.RahulShettySection1Test@69a3d1d]" name="selectDropdown" class="com.RahulShetty.tests.RahulShettySection1Test"/>
        <method signature="RahulShettySection3Test.getCourcesWithGreaterPrice()[pri:0, instance:com.RahulShetty.tests.RahulShettySection3Test@4d50efb8]" name="getCourcesWithGreaterPrice" class="com.RahulShetty.tests.RahulShettySection3Test"/>
        <method signature="RahulShettySection3Test.getCourcesWithMatchingPrice()[pri:0, instance:com.RahulShetty.tests.RahulShettySection3Test@4d50efb8]" name="getCourcesWithMatchingPrice" class="com.RahulShetty.tests.RahulShettySection3Test"/>
        <method signature="RahulShettySection3Test.hideAndShowElement()[pri:0, instance:com.RahulShetty.tests.RahulShettySection3Test@4d50efb8]" name="hideAndShowElement" class="com.RahulShetty.tests.RahulShettySection3Test"/>
        <method signature="RahulShettySection4Test.GotoMouseHoverReload()[pri:0, instance:com.RahulShetty.tests.RahulShettySection4Test@7e2d773b]" name="GotoMouseHoverReload" class="com.RahulShetty.tests.RahulShettySection4Test"/>
        <method signature="RahulShettySection4Test.GotoMouseHoverTop()[pri:0, instance:com.RahulShetty.tests.RahulShettySection4Test@7e2d773b]" name="GotoMouseHoverTop" class="com.RahulShetty.tests.RahulShettySection4Test"/>
        <method signature="RahulShettySection5Test.workingWithIframes()[pri:0, instance:com.RahulShetty.tests.RahulShettySection5Test@2173f6d9]" name="workingWithIframes" class="com.RahulShetty.tests.RahulShettySection5Test"/>
        <method signature="RahulShettySection6Test.checkValidLink()[pri:0, instance:com.RahulShetty.tests.RahulShettySection6Test@307f6b8c]" name="checkValidLink" class="com.RahulShetty.tests.RahulShettySection6Test"/>
        <method signature="RahulShettySection6Test.getLinkHeads()[pri:0, instance:com.RahulShetty.tests.RahulShettySection6Test@307f6b8c]" name="getLinkHeads" class="com.RahulShetty.tests.RahulShettySection6Test"/>
        <method signature="RahulShettySection6Test.getLinkheadsAndSublinks()[pri:0, instance:com.RahulShetty.tests.RahulShettySection6Test@307f6b8c]" name="getLinkheadsAndSublinks" class="com.RahulShetty.tests.RahulShettySection6Test"/>
        <method signature="RahulShettySection6Test.getsublinkCount()[pri:0, instance:com.RahulShetty.tests.RahulShettySection6Test@307f6b8c]" name="getsublinkCount" class="com.RahulShetty.tests.RahulShettySection6Test"/>
      </group> <!-- smoke -->
    </groups>
    <test name="Command line test" duration-ms="98479" started-at="2022-05-07T22:12:41 IST" finished-at="2022-05-07T22:14:19 IST">
      <class name="com.RahulShetty.tests.RahulShettySection6Test">
        <test-method status="PASS" signature="initializeDriver()[pri:0, instance:com.RahulShetty.tests.RahulShettySection6Test@307f6b8c]" name="initializeDriver" is-config="true" duration-ms="6647" started-at="2022-05-07T22:13:53 IST" finished-at="2022-05-07T22:13:59 IST">
          <reporter-output>
          </reporter-output>
        </test-method> <!-- initializeDriver -->
        <test-method status="PASS" signature="checkValidLink()[pri:0, instance:com.RahulShetty.tests.RahulShettySection6Test@307f6b8c]" name="checkValidLink" duration-ms="16258" started-at="2022-05-07T22:13:59 IST" finished-at="2022-05-07T22:14:16 IST">
          <reporter-output>
          </reporter-output>
        </test-method> <!-- checkValidLink -->
        <test-method status="PASS" signature="getLinkHeads()[pri:0, instance:com.RahulShetty.tests.RahulShettySection6Test@307f6b8c]" name="getLinkHeads" duration-ms="2326" started-at="2022-05-07T22:14:16 IST" finished-at="2022-05-07T22:14:18 IST">
          <reporter-output>
          </reporter-output>
        </test-method> <!-- getLinkHeads -->
        <test-method status="PASS" signature="getLinkheadsAndSublinks()[pri:0, instance:com.RahulShetty.tests.RahulShettySection6Test@307f6b8c]" name="getLinkheadsAndSublinks" duration-ms="613" started-at="2022-05-07T22:14:18 IST" finished-at="2022-05-07T22:14:19 IST">
          <reporter-output>
          </reporter-output>
        </test-method> <!-- getLinkheadsAndSublinks -->
        <test-method status="PASS" signature="getsublinkCount()[pri:0, instance:com.RahulShetty.tests.RahulShettySection6Test@307f6b8c]" name="getsublinkCount" duration-ms="195" started-at="2022-05-07T22:14:19 IST" finished-at="2022-05-07T22:14:19 IST">
          <reporter-output>
          </reporter-output>
        </test-method> <!-- getsublinkCount -->
        <test-method status="PASS" signature="ExitBrowser()[pri:0, instance:com.RahulShetty.tests.RahulShettySection6Test@307f6b8c]" name="ExitBrowser" is-config="true" duration-ms="672" started-at="2022-05-07T22:14:19 IST" finished-at="2022-05-07T22:14:19 IST">
          <reporter-output>
          </reporter-output>
        </test-method> <!-- ExitBrowser -->
      </class> <!-- com.RahulShetty.tests.RahulShettySection6Test -->
      <class name="com.RahulShetty.tests.RahulShettySection5Test">
        <test-method status="PASS" signature="initializeDriver()[pri:0, instance:com.RahulShetty.tests.RahulShettySection5Test@2173f6d9]" name="initializeDriver" is-config="true" duration-ms="4911" started-at="2022-05-07T22:13:44 IST" finished-at="2022-05-07T22:13:49 IST">
          <reporter-output>
          </reporter-output>
        </test-method> <!-- initializeDriver -->
        <test-method status="PASS" signature="workingWithIframes()[pri:0, instance:com.RahulShetty.tests.RahulShettySection5Test@2173f6d9]" name="workingWithIframes" duration-ms="3383" started-at="2022-05-07T22:13:49 IST" finished-at="2022-05-07T22:13:52 IST">
          <reporter-output>
          </reporter-output>
        </test-method> <!-- workingWithIframes -->
        <test-method status="PASS" signature="ExitBrowser()[pri:0, instance:com.RahulShetty.tests.RahulShettySection5Test@2173f6d9]" name="ExitBrowser" is-config="true" duration-ms="812" started-at="2022-05-07T22:13:52 IST" finished-at="2022-05-07T22:13:53 IST">
          <reporter-output>
          </reporter-output>
        </test-method> <!-- ExitBrowser -->
      </class> <!-- com.RahulShetty.tests.RahulShettySection5Test -->
      <class name="com.RahulShetty.tests.RahulShettySection3Test">
        <test-method status="PASS" signature="initializeDriver()[pri:0, instance:com.RahulShetty.tests.RahulShettySection3Test@4d50efb8]" name="initializeDriver" is-config="true" duration-ms="4373" started-at="2022-05-07T22:13:09 IST" finished-at="2022-05-07T22:13:13 IST">
          <reporter-output>
          </reporter-output>
        </test-method> <!-- initializeDriver -->
        <test-method status="PASS" signature="getCourcesWithGreaterPrice()[pri:0, instance:com.RahulShetty.tests.RahulShettySection3Test@4d50efb8]" name="getCourcesWithGreaterPrice" duration-ms="1765" started-at="2022-05-07T22:13:13 IST" finished-at="2022-05-07T22:13:15 IST">
          <reporter-output>
          </reporter-output>
        </test-method> <!-- getCourcesWithGreaterPrice -->
        <test-method status="PASS" signature="getCourcesWithMatchingPrice()[pri:0, instance:com.RahulShetty.tests.RahulShettySection3Test@4d50efb8]" name="getCourcesWithMatchingPrice" duration-ms="1311" started-at="2022-05-07T22:13:15 IST" finished-at="2022-05-07T22:13:16 IST">
          <reporter-output>
          </reporter-output>
        </test-method> <!-- getCourcesWithMatchingPrice -->
        <test-method status="PASS" signature="hideAndShowElement()[pri:0, instance:com.RahulShetty.tests.RahulShettySection3Test@4d50efb8]" name="hideAndShowElement" duration-ms="3335" started-at="2022-05-07T22:13:16 IST" finished-at="2022-05-07T22:13:19 IST">
          <reporter-output>
          </reporter-output>
        </test-method> <!-- hideAndShowElement -->
        <test-method status="FAIL" signature="matchSum()[pri:0, instance:com.RahulShetty.tests.RahulShettySection3Test@4d50efb8]" name="matchSum" duration-ms="3366" started-at="2022-05-07T22:13:19 IST" finished-at="2022-05-07T22:13:23 IST">
          <exception class="java.lang.AssertionError">
            <message>
              <![CDATA[Sum doesn't match since Total calculated ->296 and expected is ->2968]]>
            </message>
            <full-stacktrace>
              <![CDATA[java.lang.AssertionError: Sum doesn't match since Total calculated ->296 and expected is ->2968
at org.testng.Assert.fail(Assert.java:110)
at com.RahulShetty.pages.componentspage.Section3.getSumAndMatch(Section3.java:89)
at com.RahulShetty.tests.RahulShettySection3Test.matchSum(RahulShettySection3Test.java:49)
at sun.reflect.NativeMethodAccessorImpl.invoke0(Native Method)
at sun.reflect.NativeMethodAccessorImpl.invoke(NativeMethodAccessorImpl.java:62)
at sun.reflect.DelegatingMethodAccessorImpl.invoke(DelegatingMethodAccessorImpl.java:43)
at java.lang.reflect.Method.invoke(Method.java:498)
at org.testng.internal.invokers.MethodInvocationHelper.invokeMethod(MethodInvocationHelper.java:135)
at org.testng.internal.invokers.TestInvoker.invokeMethod(TestInvoker.java:673)
at org.testng.internal.invokers.TestInvoker.invokeTestMethod(TestInvoker.java:220)
at org.testng.internal.invokers.MethodRunner.runInSequence(MethodRunner.java:50)
at org.testng.internal.invokers.TestInvoker$MethodInvocationAgent.invoke(TestInvoker.java:945)
at org.testng.internal.invokers.TestInvoker.invokeTestMethods(TestInvoker.java:193)
at org.testng.internal.invokers.TestMethodWorker.invokeTestMethods(TestMethodWorker.java:146)
at org.testng.internal.invokers.TestMethodWorker.run(TestMethodWorker.java:128)
at java.util.ArrayList.forEach(ArrayList.java:1259)
at org.testng.TestRunner.privateRun(TestRunner.java:808)
at org.testng.TestRunner.run(TestRunner.java:603)
at org.testng.SuiteRunner.runTest(SuiteRunner.java:429)
at org.testng.SuiteRunner.runSequentially(SuiteRunner.java:423)
at org.testng.SuiteRunner.privateRun(SuiteRunner.java:383)
at org.testng.SuiteRunner.run(SuiteRunner.java:326)
at org.testng.SuiteRunnerWorker.runSuite(SuiteRunnerWorker.java:52)
at org.testng.SuiteRunnerWorker.run(SuiteRunnerWorker.java:95)
at org.testng.TestNG.runSuitesSequentially(TestNG.java:1249)
at org.testng.TestNG.runSuitesLocally(TestNG.java:1169)
at org.testng.TestNG.runSuites(TestNG.java:1092)
at org.testng.TestNG.run(TestNG.java:1060)
at org.apache.maven.surefire.testng.TestNGExecutor.run(TestNGExecutor.java:77)
at org.apache.maven.surefire.testng.TestNGDirectoryTestSuite.executeMulti(TestNGDirectoryTestSuite.java:159)
at org.apache.maven.surefire.testng.TestNGDirectoryTestSuite.execute(TestNGDirectoryTestSuite.java:99)
at org.apache.maven.surefire.testng.TestNGProvider.invoke(TestNGProvider.java:106)
at sun.reflect.NativeMethodAccessorImpl.invoke0(Native Method)
at sun.reflect.NativeMethodAccessorImpl.invoke(NativeMethodAccessorImpl.java:62)
at sun.reflect.DelegatingMethodAccessorImpl.invoke(DelegatingMethodAccessorImpl.java:43)
at java.lang.reflect.Method.invoke(Method.java:498)
at org.apache.maven.surefire.util.ReflectionUtils.invokeMethodWithArray(ReflectionUtils.java:189)
at org.apache.maven.surefire.booter.ProviderFactory$ProviderProxy.invoke(ProviderFactory.java:165)
at org.apache.maven.surefire.booter.ProviderFactory.invokeProvider(ProviderFactory.java:85)
at org.apache.maven.surefire.booter.ForkedBooter.runSuitesInProcess(ForkedBooter.java:115)
at org.apache.maven.surefire.booter.ForkedBooter.main(ForkedBooter.java:75)
]]>
            </full-stacktrace>
          </exception> <!-- java.lang.AssertionError -->
          <reporter-output>
          </reporter-output>
        </test-method> <!-- matchSum -->
        <test-method status="PASS" signature="ExitBrowser()[pri:0, instance:com.RahulShetty.tests.RahulShettySection3Test@4d50efb8]" name="ExitBrowser" is-config="true" duration-ms="802" started-at="2022-05-07T22:13:23 IST" finished-at="2022-05-07T22:13:24 IST">
          <reporter-output>
          </reporter-output>
        </test-method> <!-- ExitBrowser -->
      </class> <!-- com.RahulShetty.tests.RahulShettySection3Test -->
      <class name="com.RahulShetty.tests.RahulShettySection4Test">
        <test-method status="PASS" signature="initializeDriver()[pri:0, instance:com.RahulShetty.tests.RahulShettySection4Test@7e2d773b]" name="initializeDriver" is-config="true" duration-ms="4506" started-at="2022-05-07T22:13:24 IST" finished-at="2022-05-07T22:13:29 IST">
          <reporter-output>
          </reporter-output>
        </test-method> <!-- initializeDriver -->
        <test-method status="PASS" signature="GotoMouseHoverReload()[pri:0, instance:com.RahulShetty.tests.RahulShettySection4Test@7e2d773b]" name="GotoMouseHoverReload" duration-ms="7210" started-at="2022-05-07T22:13:29 IST" finished-at="2022-05-07T22:13:36 IST">
          <reporter-output>
          </reporter-output>
        </test-method> <!-- GotoMouseHoverReload -->
        <test-method status="PASS" signature="GotoMouseHoverTop()[pri:0, instance:com.RahulShetty.tests.RahulShettySection4Test@7e2d773b]" name="GotoMouseHoverTop" duration-ms="6503" started-at="2022-05-07T22:13:36 IST" finished-at="2022-05-07T22:13:42 IST">
          <reporter-output>
          </reporter-output>
        </test-method> <!-- GotoMouseHoverTop -->
        <test-method status="PASS" signature="ExitBrowser()[pri:0, instance:com.RahulShetty.tests.RahulShettySection4Test@7e2d773b]" name="ExitBrowser" is-config="true" duration-ms="1184" started-at="2022-05-07T22:13:42 IST" finished-at="2022-05-07T22:13:44 IST">
          <reporter-output>
          </reporter-output>
        </test-method> <!-- ExitBrowser -->
      </class> <!-- com.RahulShetty.tests.RahulShettySection4Test -->
      <class name="com.RahulShetty.tests.RahulShettySection2Test">
        <test-method status="PASS" signature="initializeDriver()[pri:0, instance:com.RahulShetty.tests.RahulShettySection2Test@467aecef]" name="initializeDriver" is-config="true" duration-ms="5121" started-at="2022-05-07T22:13:00 IST" finished-at="2022-05-07T22:13:05 IST">
          <reporter-output>
          </reporter-output>
        </test-method> <!-- initializeDriver -->
        <test-method status="PASS" signature="switchTOAlert()[pri:0, instance:com.RahulShetty.tests.RahulShettySection2Test@467aecef]" name="switchTOAlert" duration-ms="243" started-at="2022-05-07T22:13:05 IST" finished-at="2022-05-07T22:13:05 IST">
          <reporter-output>
          </reporter-output>
        </test-method> <!-- switchTOAlert -->
        <test-method status="PASS" signature="switchTOFrame()[pri:0, instance:com.RahulShetty.tests.RahulShettySection2Test@467aecef]" name="switchTOFrame" duration-ms="1" started-at="2022-05-07T22:13:05 IST" finished-at="2022-05-07T22:13:05 IST">
          <reporter-output>
          </reporter-output>
        </test-method> <!-- switchTOFrame -->
        <test-method status="PASS" signature="switchTOTabs()[pri:0, instance:com.RahulShetty.tests.RahulShettySection2Test@467aecef]" name="switchTOTabs" duration-ms="2391" started-at="2022-05-07T22:13:05 IST" finished-at="2022-05-07T22:13:08 IST">
          <reporter-output>
          </reporter-output>
        </test-method> <!-- switchTOTabs -->
        <test-method status="PASS" signature="ExitBrowser()[pri:0, instance:com.RahulShetty.tests.RahulShettySection2Test@467aecef]" name="ExitBrowser" is-config="true" duration-ms="696" started-at="2022-05-07T22:13:08 IST" finished-at="2022-05-07T22:13:09 IST">
          <reporter-output>
          </reporter-output>
        </test-method> <!-- ExitBrowser -->
      </class> <!-- com.RahulShetty.tests.RahulShettySection2Test -->
      <class name="com.RahulShetty.tests.RahulShettySection1Test">
        <test-method status="PASS" signature="initializeDriver()[pri:0, instance:com.RahulShetty.tests.RahulShettySection1Test@69a3d1d]" name="initializeDriver" is-config="true" duration-ms="10386" started-at="2022-05-07T22:12:41 IST" finished-at="2022-05-07T22:12:51 IST">
          <reporter-output>
          </reporter-output>
        </test-method> <!-- initializeDriver -->
        <test-method status="PASS" signature="autoSuggestion()[pri:0, instance:com.RahulShetty.tests.RahulShettySection1Test@69a3d1d]" name="autoSuggestion" duration-ms="2530" started-at="2022-05-07T22:12:51 IST" finished-at="2022-05-07T22:12:54 IST">
          <reporter-output>
          </reporter-output>
        </test-method> <!-- autoSuggestion -->
        <test-method status="PASS" signature="clickChekbox()[pri:0, instance:com.RahulShetty.tests.RahulShettySection1Test@69a3d1d]" name="clickChekbox" duration-ms="1261" started-at="2022-05-07T22:12:54 IST" finished-at="2022-05-07T22:12:55 IST">
          <reporter-output>
          </reporter-output>
        </test-method> <!-- clickChekbox -->
        <test-method status="PASS" signature="goTORahulShettySection5()[pri:0, instance:com.RahulShetty.tests.RahulShettySection1Test@69a3d1d]" name="goTORahulShettySection5" duration-ms="3476" started-at="2022-05-07T22:12:55 IST" finished-at="2022-05-07T22:12:59 IST">
          <reporter-output>
          </reporter-output>
        </test-method> <!-- goTORahulShettySection5 -->
        <test-method status="PASS" signature="selectDropdown()[pri:0, instance:com.RahulShetty.tests.RahulShettySection1Test@69a3d1d]" name="selectDropdown" duration-ms="497" started-at="2022-05-07T22:12:59 IST" finished-at="2022-05-07T22:12:59 IST">
          <reporter-output>
          </reporter-output>
        </test-method> <!-- selectDropdown -->
        <test-method status="PASS" signature="ExitBrowser()[pri:0, instance:com.RahulShetty.tests.RahulShettySection1Test@69a3d1d]" name="ExitBrowser" is-config="true" duration-ms="839" started-at="2022-05-07T22:12:59 IST" finished-at="2022-05-07T22:13:00 IST">
          <reporter-output>
          </reporter-output>
        </test-method> <!-- ExitBrowser -->
      </class> <!-- com.RahulShetty.tests.RahulShettySection1Test -->
    </test> <!-- Command line test -->
  </suite> <!-- Command line suite -->
</testng-results>
