<?xml version="1.0" encoding="UTF-8"?>
<!-- Generated by org.testng.reporters.JUnitXMLReporter -->
<testsuite hostname="DESKTOP-MOASIIL" ignored="0" name="Section1-Regression" tests="4" failures="0" timestamp="2022-04-14T21:50:42 IST" time="10.427" errors="0">
  <testcase name="autoSuggestion" time="0.141" classname="com.RahulShetty.tests.RahulShettySection1Test"/>
  <testcase name="clickChekbox" time="0.269" classname="com.RahulShetty.tests.RahulShettySection1Test"/>
  <testcase name="goTORahulShettySection5" time="3.215" classname="com.RahulShetty.tests.RahulShettySection1Test"/>
  <testcase name="selectDropdown" time="0.142" classname="com.RahulShetty.tests.RahulShettySection1Test"/>
</testsuite> <!-- Section1-Regression -->
