<?xml version="1.0" encoding="UTF-8"?>
<!-- Generated by org.testng.reporters.JUnitXMLReporter -->
<testsuite hostname="DESKTOP-MOASIIL" ignored="0" name="Section2-Regression" tests="3" failures="0" timestamp="2022-04-14T21:50:42 IST" time="9.865" errors="0">
  <testcase name="switchTOAlert" time="0.232" classname="com.RahulShetty.tests.RahulShettySection2Test"/>
  <testcase name="switchTOFrame" time="3.215" classname="com.RahulShetty.tests.RahulShettySection2Test"/>
  <testcase name="switchTOTabs" time="0.191" classname="com.RahulShetty.tests.RahulShettySection2Test"/>
</testsuite> <!-- Section2-Regression -->
